LaTeX Compilation Errors Found:

! Undefined control sequence.
l.43 ...ded to the loss function: $\lambda \mathbb
{E}[|H_{\text{pred}} - H_{...

?
Overfull \hbox (10.462pt too wide) in paragraph at lines 49--50
\TU/lmr/m/n/10 measured the Hamiltonian deviation, $\OT1/cmr/m/n/10 ^^A\OML/cmm
/m/it/10 H\OT1/cmr/m/n/10 (\OML/cmm/m/it/10 t\OT1/cmr/m/n/10 ) = \OMS/cmsy/m/n/
10 j\OML/cmm/m/it/10 H\OT1/cmr/m/n/10 (\OML/cmm/m/it/10 q\OT1/cmr/m/n/10 (\OML/
cmm/m/it/10 t\OT1/cmr/m/n/10 )\OML/cmm/m/it/10 ; p\OT1/cmr/m/n/10 (\OML/cmm/m/i
t/10 t\OT1/cmr/m/n/10 )) \OMS/cmsy/m/n/10 ^^@ \OML/cmm/m/it/10 H\OT1/cmr/m/n/10
(\OML/cmm/m/it/10 q\OT1/cmr/m/n/10 (0)\OML/cmm/m/it/10 ; p\OT1/cmr/m/n/10 (0))
\OMS/cmsy/m/n/10 j$\TU/lmr/m/n/10 ,
[2]
Overfull \hbox (3.26503pt too wide) in paragraph at lines 50--51
[]\TU/lmr/bx/n/10 Time-Reversibility: \TU/lmr/m/n/10 We tested the time-reversa
l symmetry of the learned
[3] (./Methods.aux) )
Output written on Methods.pdf (3 pages).
Transcript written on Methods.log.
---- STDERR ----

